Using pre-set license
Built from '2020.3/staging' branch; Version is '2020.3.18f1 (a7d1c678663c) revision 10998214'; Using compiler version '192528614'; Build Type 'Release'
OS: 'Windows 10 Home; OS build 19042.1415; Version 2009; 64bit' Language: 'en' Physical Memory: 8020 MB
BatchMode: 1, IsHumanControllingUs: 0, StartBugReporterOnCrash: 0, Is64bit: 1, IsPro: 0

COMMAND LINE ARGUMENTS:
C:\Users\dan\Documents\Visual Studio 2017\2020.3.18f1\Editor\Unity.exe
-adb2
-batchMode
-noUpm
-name
AssetImportWorker0
-projectPath
C:/Users/dan/Desktop/2DAM/LC/FinalGame
-logFile
Logs/AssetImportWorker0.log
-srvPort
57930
Successfully changed project path to: C:/Users/dan/Desktop/2DAM/LC/FinalGame
C:/Users/dan/Desktop/2DAM/LC/FinalGame
Using Asset Import Pipeline V2.
Refreshing native plugins compatible for Editor in 70.26 ms, found 2 plugins.
Preloading 0 native plugins for Editor in 0.00 ms.
Initialize engine version: 2020.3.18f1 (a7d1c678663c)
[Subsystems] Discovering subsystems at path C:/Users/dan/Documents/Visual Studio 2017/2020.3.18f1/Editor/Data/Resources/UnitySubsystems
[Subsystems] Discovering subsystems at path C:/Users/dan/Desktop/2DAM/LC/FinalGame/Assets
GfxDevice: creating device client; threaded=0
Direct3D:
    Version:  Direct3D 11.0 [level 11.1]
    Renderer: Intel(R) UHD Graphics (ID=0x9b41)
    Vendor:   
    VRAM:     4010 MB
    Driver:   27.20.100.8984
Shader 'LightingEffects/Car/Specular_Cubemap_Color': fallback shader 'MobileSpecular' not found
Initialize mono
Mono path[0] = 'C:/Users/dan/Documents/Visual Studio 2017/2020.3.18f1/Editor/Data/Managed'
Mono path[1] = 'C:/Users/dan/Documents/Visual Studio 2017/2020.3.18f1/Editor/Data/MonoBleedingEdge/lib/mono/unityjit'
Mono config path = 'C:/Users/dan/Documents/Visual Studio 2017/2020.3.18f1/Editor/Data/MonoBleedingEdge/etc'
Using monoOptions --debugger-agent=transport=dt_socket,embedding=1,server=y,suspend=n,address=127.0.0.1:56688
Begin MonoManager ReloadAssembly
Registering precompiled unity dll's ...
Register platform support module: C:/Users/dan/Documents/Visual Studio 2017/2020.3.18f1/Editor/Data/PlaybackEngines/WebGLSupport/UnityEditor.WebGL.Extensions.dll
Register platform support module: C:/Users/dan/Documents/Visual Studio 2017/2020.3.18f1/Editor/Data/PlaybackEngines/WindowsStandaloneSupport/UnityEditor.WindowsStandalone.Extensions.dll
Registered in 0.004064 seconds.
Native extension for WindowsStandalone target not found
Native extension for WebGL target not found
Refreshing native plugins compatible for Editor in 46.99 ms, found 2 plugins.
Preloading 0 native plugins for Editor in 0.00 ms.
Mono: successfully reloaded assembly
- Completed reload, in  2.211 seconds
Domain Reload Profiling:
	ReloadAssembly (2211ms)
		BeginReloadAssembly (64ms)
			ExecutionOrderSort (0ms)
			DisableScriptedObjects (0ms)
			BackupInstance (0ms)
			ReleaseScriptingObjects (0ms)
			CreateAndSetChildDomain (1ms)
		EndReloadAssembly (470ms)
			LoadAssemblies (61ms)
			RebuildTransferFunctionScriptingTraits (0ms)
			SetupTypeCache (176ms)
			ReleaseScriptCaches (0ms)
			RebuildScriptCaches (34ms)
			SetupLoadedEditorAssemblies (182ms)
				LogAssemblyErrors (0ms)
				InitializePlatformSupportModulesInManaged (5ms)
				SetLoadedEditorAssemblies (0ms)
				RefreshPlugins (47ms)
				BeforeProcessingInitializeOnLoad (9ms)
				ProcessInitializeOnLoadAttributes (88ms)
				ProcessInitializeOnLoadMethodAttributes (33ms)
				AfterProcessingInitializeOnLoad (0ms)
				EditorAssembliesLoaded (0ms)
			ExecutionOrderSort2 (0ms)
			AwakeInstancesAfterBackupRestoration (0ms)
Platform modules already initialized, skipping
Registering precompiled user dll's ...
Registered in 0.009900 seconds.
Begin MonoManager ReloadAssembly
Native extension for WindowsStandalone target not found
Native extension for WebGL target not found
Refreshing native plugins compatible for Editor in 0.53 ms, found 2 plugins.
Preloading 0 native plugins for Editor in 0.00 ms.
Mono: successfully reloaded assembly
- Completed reload, in  1.152 seconds
Domain Reload Profiling:
	ReloadAssembly (1153ms)
		BeginReloadAssembly (153ms)
			ExecutionOrderSort (0ms)
			DisableScriptedObjects (6ms)
			BackupInstance (0ms)
			ReleaseScriptingObjects (0ms)
			CreateAndSetChildDomain (20ms)
		EndReloadAssembly (920ms)
			LoadAssemblies (117ms)
			RebuildTransferFunctionScriptingTraits (0ms)
			SetupTypeCache (291ms)
			ReleaseScriptCaches (0ms)
			RebuildScriptCaches (47ms)
			SetupLoadedEditorAssemblies (361ms)
				LogAssemblyErrors (0ms)
				InitializePlatformSupportModulesInManaged (7ms)
				SetLoadedEditorAssemblies (1ms)
				RefreshPlugins (1ms)
				BeforeProcessingInitializeOnLoad (56ms)
				ProcessInitializeOnLoadAttributes (284ms)
				ProcessInitializeOnLoadMethodAttributes (5ms)
				AfterProcessingInitializeOnLoad (7ms)
				EditorAssembliesLoaded (0ms)
			ExecutionOrderSort2 (0ms)
			AwakeInstancesAfterBackupRestoration (7ms)
Platform modules already initialized, skipping
========================================================================
Worker process is ready to serve import requests
Shader 'LightingEffects/Car/Specular_Cubemap_Color': fallback shader 'MobileSpecular' not found
Launched and connected shader compiler UnityShaderCompiler.exe after 0.09 seconds
Refreshing native plugins compatible for Editor in 0.60 ms, found 2 plugins.
Preloading 0 native plugins for Editor in 0.00 ms.
Unloading 1550 Unused Serialized files (Serialized files now loaded: 0)
System memory in use before: 99.8 MB.
System memory in use after: 99.3 MB.

Unloading 18 unused Assets to reduce memory usage. Loaded Objects now: 2015.
Total: 3.168400 ms (FindLiveObjects: 0.192000 ms CreateObjectMapping: 0.079800 ms MarkObjects: 2.417400 ms  DeleteObjects: 0.478100 ms)

AssetImportParameters requested are different than current active one (requested -> active):
  custom:framework-win-MediaFoundation: 216162199b28c13a410421893ffa2e32 -> 
  custom:video-decoder-ogg-theora: a1e56fd34408186e4bbccfd4996cb3dc -> 
  custom:container-muxer-webm: aa71ff27fc2769a1b78a27578f13a17b -> 
  custom:container-demuxer-webm: 4f35f7cbe854078d1ac9338744f61a02 -> 
  custom:container-demuxer-ogg: 62fdf1f143b41e24485cea50d1cbac27 -> 
  custom:video-encoder-webm-vp8: eb34c28f22e8b96e1ab97ce403110664 -> 
  custom:video-codec-MediaFoundation-h265: 746d11721c4dcdbdad8f713fa42b33f4 -> 
  custom:video-decoder-webm-vp8: 9c59270c3fd7afecdb556c50c9e8de78 -> 
  custom:audio-decoder-ogg-vorbis: bf7c407c2cedff20999df2af8eb42d56 -> 
  custom:audio-encoder-webm-vorbis: bf7c407c2cedff20999df2af8eb42d56 -> 
========================================================================
Received Import Request.
  path: Assets/New Terrain 2.asset
  artifactKey: Guid(485210c7a0373e84f96c088df9b81e47) Importer(815301076,1909f56bfc062723c751e8b465ee728b)
Start importing Assets/New Terrain 2.asset using Guid(485210c7a0373e84f96c088df9b81e47) Importer(815301076,1909f56bfc062723c751e8b465ee728b)  -> (artifact id: '7e07d8a48a0973097ac477cd6a0c0666') in 0.048453 seconds 
  Import took 0.051735 seconds .

========================================================================
Received Import Request.
  Time since last request: 0.000317 seconds.
  path: Assets/New Terrain.asset
  artifactKey: Guid(c7bf18f2b46c0a843aacd631979c376a) Importer(815301076,1909f56bfc062723c751e8b465ee728b)
Start importing Assets/New Terrain.asset using Guid(c7bf18f2b46c0a843aacd631979c376a) Importer(815301076,1909f56bfc062723c751e8b465ee728b)  -> (artifact id: 'a0d3839de8efa9f5cafbbd2bac0625ff') in 0.070534 seconds 
  Import took 0.074054 seconds .

========================================================================
Received Import Request.
  Time since last request: 0.000284 seconds.
  path: Assets/Sin título-1 1.png
  artifactKey: Guid(f3492957161a96149aba834b9710320c) Importer(815301076,1909f56bfc062723c751e8b465ee728b)
Start importing Assets/Sin título-1 1.png using Guid(f3492957161a96149aba834b9710320c) Importer(815301076,1909f56bfc062723c751e8b465ee728b)  -> (artifact id: 'beddc563d299836622112a6cf5bd1d2e') in 0.090716 seconds 
  Import took 0.094089 seconds .

========================================================================
Received Import Request.
  Time since last request: 0.000336 seconds.
  path: Assets/New Render Texture.renderTexture
  artifactKey: Guid(5c369105522d1fc41a8b256cae0d5d6c) Importer(815301076,1909f56bfc062723c751e8b465ee728b)
Start importing Assets/New Render Texture.renderTexture using Guid(5c369105522d1fc41a8b256cae0d5d6c) Importer(815301076,1909f56bfc062723c751e8b465ee728b)  -> (artifact id: '4ea9e3e029136d59471e1191b14dcf25') in 0.052089 seconds 
  Import took 0.055051 seconds .

========================================================================
Received Import Request.
  Time since last request: 0.000311 seconds.
  path: Assets/Sin título-1.png
  artifactKey: Guid(eff9caf4dce0bf84ab84b5f9ee232db0) Importer(815301076,1909f56bfc062723c751e8b465ee728b)
Start importing Assets/Sin título-1.png using Guid(eff9caf4dce0bf84ab84b5f9ee232db0) Importer(815301076,1909f56bfc062723c751e8b465ee728b)  -> (artifact id: '5c9a135954ffb01201ea4e4f01778261') in 0.056317 seconds 
  Import took 0.059844 seconds .

========================================================================
Received Import Request.
  Time since last request: 0.000383 seconds.
  path: Assets/mapa.renderTexture
  artifactKey: Guid(2e56d078ab320df4785675cf10206b35) Importer(815301076,1909f56bfc062723c751e8b465ee728b)
Start importing Assets/mapa.renderTexture using Guid(2e56d078ab320df4785675cf10206b35) Importer(815301076,1909f56bfc062723c751e8b465ee728b)  -> (artifact id: 'b55916ca8167b895e044ae46bdb2fe14') in 0.023747 seconds 
  Import took 0.027953 seconds .

========================================================================
Received Import Request.
  Time since last request: 0.000315 seconds.
  path: Assets/New Terrain 1.asset
  artifactKey: Guid(986770d21c9575848a925d447be6d312) Importer(815301076,1909f56bfc062723c751e8b465ee728b)
Start importing Assets/New Terrain 1.asset using Guid(986770d21c9575848a925d447be6d312) Importer(815301076,1909f56bfc062723c751e8b465ee728b)  -> (artifact id: 'aafce9b2d78339b01b03b3f60ff16214') in 0.020449 seconds 
  Import took 0.025474 seconds .

========================================================================
Received Import Request.
  Time since last request: 0.000264 seconds.
  path: Assets/mapa.renderTexture
  artifactKey: Guid(2e56d078ab320df4785675cf10206b35) Importer(815301076,1909f56bfc062723c751e8b465ee728b)
Start importing Assets/mapa.renderTexture using Guid(2e56d078ab320df4785675cf10206b35) Importer(815301076,1909f56bfc062723c751e8b465ee728b)  -> (artifact id: 'b55916ca8167b895e044ae46bdb2fe14') in 0.013032 seconds 
  Import took 0.018851 seconds .

========================================================================
Received Import Request.
  Time since last request: 0.000489 seconds.
  path: Assets/New Terrain 1.asset
  artifactKey: Guid(986770d21c9575848a925d447be6d312) Importer(815301076,1909f56bfc062723c751e8b465ee728b)
Start importing Assets/New Terrain 1.asset using Guid(986770d21c9575848a925d447be6d312) Importer(815301076,1909f56bfc062723c751e8b465ee728b)  -> (artifact id: 'aafce9b2d78339b01b03b3f60ff16214') in 0.013087 seconds 
  Import took 0.019281 seconds .

========================================================================
Received Prepare
Registering precompiled user dll's ...
Registered in 0.015596 seconds.
Begin MonoManager ReloadAssembly
Native extension for WindowsStandalone target not found
Native extension for WebGL target not found
Refreshing native plugins compatible for Editor in 1.00 ms, found 2 plugins.
Preloading 0 native plugins for Editor in 0.00 ms.
Mono: successfully reloaded assembly
- Completed reload, in  3.395 seconds
Domain Reload Profiling:
	ReloadAssembly (3396ms)
		BeginReloadAssembly (256ms)
			ExecutionOrderSort (0ms)
			DisableScriptedObjects (11ms)
			BackupInstance (0ms)
			ReleaseScriptingObjects (0ms)
			CreateAndSetChildDomain (79ms)
		EndReloadAssembly (2999ms)
			LoadAssemblies (256ms)
			RebuildTransferFunctionScriptingTraits (0ms)
			SetupTypeCache (1266ms)
			ReleaseScriptCaches (3ms)
			RebuildScriptCaches (114ms)
			SetupLoadedEditorAssemblies (944ms)
				LogAssemblyErrors (0ms)
				InitializePlatformSupportModulesInManaged (23ms)
				SetLoadedEditorAssemblies (2ms)
				RefreshPlugins (1ms)
				BeforeProcessingInitializeOnLoad (146ms)
				ProcessInitializeOnLoadAttributes (730ms)
				ProcessInitializeOnLoadMethodAttributes (21ms)
				AfterProcessingInitializeOnLoad (21ms)
				EditorAssembliesLoaded (0ms)
			ExecutionOrderSort2 (0ms)
			AwakeInstancesAfterBackupRestoration (24ms)
Platform modules already initialized, skipping
Shader 'LightingEffects/Car/Specular_Cubemap_Color': fallback shader 'MobileSpecular' not found
Refreshing native plugins compatible for Editor in 0.78 ms, found 2 plugins.
Preloading 0 native plugins for Editor in 0.00 ms.
Unloading 1503 Unused Serialized files (Serialized files now loaded: 0)
System memory in use before: 98.5 MB.
System memory in use after: 98.1 MB.

Unloading 13 unused Assets to reduce memory usage. Loaded Objects now: 2025.
Total: 6.852300 ms (FindLiveObjects: 0.409200 ms CreateObjectMapping: 0.116400 ms MarkObjects: 5.128500 ms  DeleteObjects: 1.195100 ms)

AssetImportParameters requested are different than current active one (requested -> active):
  custom:framework-win-MediaFoundation: 216162199b28c13a410421893ffa2e32 -> 
  custom:video-decoder-ogg-theora: a1e56fd34408186e4bbccfd4996cb3dc -> 
  custom:container-muxer-webm: aa71ff27fc2769a1b78a27578f13a17b -> 
  custom:container-demuxer-webm: 4f35f7cbe854078d1ac9338744f61a02 -> 
  custom:container-demuxer-ogg: 62fdf1f143b41e24485cea50d1cbac27 -> 
  custom:video-encoder-webm-vp8: eb34c28f22e8b96e1ab97ce403110664 -> 
  custom:video-codec-MediaFoundation-h265: 746d11721c4dcdbdad8f713fa42b33f4 -> 
  custom:video-decoder-webm-vp8: 9c59270c3fd7afecdb556c50c9e8de78 -> 
  custom:audio-decoder-ogg-vorbis: bf7c407c2cedff20999df2af8eb42d56 -> 
  custom:audio-encoder-webm-vorbis: bf7c407c2cedff20999df2af8eb42d56 -> 
========================================================================
Received Prepare
Registering precompiled user dll's ...
Registered in 0.003669 seconds.
Begin MonoManager ReloadAssembly
Native extension for WindowsStandalone target not found
Native extension for WebGL target not found
Refreshing native plugins compatible for Editor in 0.64 ms, found 2 plugins.
Preloading 0 native plugins for Editor in 0.00 ms.
Mono: successfully reloaded assembly
- Completed reload, in  1.506 seconds
Domain Reload Profiling:
	ReloadAssembly (1507ms)
		BeginReloadAssembly (231ms)
			ExecutionOrderSort (0ms)
			DisableScriptedObjects (9ms)
			BackupInstance (0ms)
			ReleaseScriptingObjects (0ms)
			CreateAndSetChildDomain (74ms)
		EndReloadAssembly (1156ms)
			LoadAssemblies (173ms)
			RebuildTransferFunctionScriptingTraits (0ms)
			SetupTypeCache (456ms)
			ReleaseScriptCaches (1ms)
			RebuildScriptCaches (65ms)
			SetupLoadedEditorAssemblies (355ms)
				LogAssemblyErrors (0ms)
				InitializePlatformSupportModulesInManaged (8ms)
				SetLoadedEditorAssemblies (1ms)
				RefreshPlugins (1ms)
				BeforeProcessingInitializeOnLoad (64ms)
				ProcessInitializeOnLoadAttributes (271ms)
				ProcessInitializeOnLoadMethodAttributes (4ms)
				AfterProcessingInitializeOnLoad (7ms)
				EditorAssembliesLoaded (0ms)
			ExecutionOrderSort2 (0ms)
			AwakeInstancesAfterBackupRestoration (8ms)
Platform modules already initialized, skipping
Shader 'LightingEffects/Car/Specular_Cubemap_Color': fallback shader 'MobileSpecular' not found
Refreshing native plugins compatible for Editor in 0.57 ms, found 2 plugins.
Preloading 0 native plugins for Editor in 0.00 ms.
Unloading 1503 Unused Serialized files (Serialized files now loaded: 0)
System memory in use before: 98.6 MB.
System memory in use after: 98.2 MB.

Unloading 13 unused Assets to reduce memory usage. Loaded Objects now: 2027.
Total: 3.664700 ms (FindLiveObjects: 0.206300 ms CreateObjectMapping: 0.067000 ms MarkObjects: 2.814700 ms  DeleteObjects: 0.575400 ms)

AssetImportParameters requested are different than current active one (requested -> active):
  custom:framework-win-MediaFoundation: 216162199b28c13a410421893ffa2e32 -> 
  custom:video-decoder-ogg-theora: a1e56fd34408186e4bbccfd4996cb3dc -> 
  custom:container-muxer-webm: aa71ff27fc2769a1b78a27578f13a17b -> 
  custom:container-demuxer-webm: 4f35f7cbe854078d1ac9338744f61a02 -> 
  custom:container-demuxer-ogg: 62fdf1f143b41e24485cea50d1cbac27 -> 
  custom:video-encoder-webm-vp8: eb34c28f22e8b96e1ab97ce403110664 -> 
  custom:video-codec-MediaFoundation-h265: 746d11721c4dcdbdad8f713fa42b33f4 -> 
  custom:video-decoder-webm-vp8: 9c59270c3fd7afecdb556c50c9e8de78 -> 
  custom:audio-decoder-ogg-vorbis: bf7c407c2cedff20999df2af8eb42d56 -> 
  custom:audio-encoder-webm-vorbis: bf7c407c2cedff20999df2af8eb42d56 -> 
========================================================================
Received Prepare
Registering precompiled user dll's ...
Registered in 0.014554 seconds.
Begin MonoManager ReloadAssembly
Native extension for WindowsStandalone target not found
Native extension for WebGL target not found
Refreshing native plugins compatible for Editor in 1.11 ms, found 2 plugins.
Preloading 0 native plugins for Editor in 0.00 ms.
Mono: successfully reloaded assembly
- Completed reload, in  2.493 seconds
Domain Reload Profiling:
	ReloadAssembly (2494ms)
		BeginReloadAssembly (342ms)
			ExecutionOrderSort (0ms)
			DisableScriptedObjects (15ms)
			BackupInstance (0ms)
			ReleaseScriptingObjects (0ms)
			CreateAndSetChildDomain (112ms)
		EndReloadAssembly (1959ms)
			LoadAssemblies (289ms)
			RebuildTransferFunctionScriptingTraits (0ms)
			SetupTypeCache (782ms)
			ReleaseScriptCaches (1ms)
			RebuildScriptCaches (93ms)
			SetupLoadedEditorAssemblies (638ms)
				LogAssemblyErrors (0ms)
				InitializePlatformSupportModulesInManaged (13ms)
				SetLoadedEditorAssemblies (1ms)
				RefreshPlugins (1ms)
				BeforeProcessingInitializeOnLoad (102ms)
				ProcessInitializeOnLoadAttributes (500ms)
				ProcessInitializeOnLoadMethodAttributes (9ms)
				AfterProcessingInitializeOnLoad (11ms)
				EditorAssembliesLoaded (1ms)
			ExecutionOrderSort2 (0ms)
			AwakeInstancesAfterBackupRestoration (14ms)
Platform modules already initialized, skipping
Shader 'LightingEffects/Car/Specular_Cubemap_Color': fallback shader 'MobileSpecular' not found
Refreshing native plugins compatible for Editor in 1.52 ms, found 2 plugins.
Preloading 0 native plugins for Editor in 0.00 ms.
Unloading 1503 Unused Serialized files (Serialized files now loaded: 0)
System memory in use before: 98.6 MB.
System memory in use after: 98.2 MB.

Unloading 13 unused Assets to reduce memory usage. Loaded Objects now: 2029.
Total: 27.696700 ms (FindLiveObjects: 1.221200 ms CreateObjectMapping: 0.523000 ms MarkObjects: 23.113400 ms  DeleteObjects: 2.832700 ms)

AssetImportParameters requested are different than current active one (requested -> active):
  custom:framework-win-MediaFoundation: 216162199b28c13a410421893ffa2e32 -> 
  custom:video-decoder-ogg-theora: a1e56fd34408186e4bbccfd4996cb3dc -> 
  custom:container-muxer-webm: aa71ff27fc2769a1b78a27578f13a17b -> 
  custom:container-demuxer-webm: 4f35f7cbe854078d1ac9338744f61a02 -> 
  custom:container-demuxer-ogg: 62fdf1f143b41e24485cea50d1cbac27 -> 
  custom:video-encoder-webm-vp8: eb34c28f22e8b96e1ab97ce403110664 -> 
  custom:video-codec-MediaFoundation-h265: 746d11721c4dcdbdad8f713fa42b33f4 -> 
  custom:video-decoder-webm-vp8: 9c59270c3fd7afecdb556c50c9e8de78 -> 
  custom:audio-decoder-ogg-vorbis: bf7c407c2cedff20999df2af8eb42d56 -> 
  custom:audio-encoder-webm-vorbis: bf7c407c2cedff20999df2af8eb42d56 -> 
========================================================================
Received Prepare
Registering precompiled user dll's ...
Registered in 0.003754 seconds.
Begin MonoManager ReloadAssembly
Native extension for WindowsStandalone target not found
Native extension for WebGL target not found
Refreshing native plugins compatible for Editor in 1.02 ms, found 2 plugins.
Preloading 0 native plugins for Editor in 0.00 ms.
Mono: successfully reloaded assembly
- Completed reload, in  2.335 seconds
Domain Reload Profiling:
	ReloadAssembly (2336ms)
		BeginReloadAssembly (324ms)
			ExecutionOrderSort (0ms)
			DisableScriptedObjects (11ms)
			BackupInstance (0ms)
			ReleaseScriptingObjects (0ms)
			CreateAndSetChildDomain (68ms)
		EndReloadAssembly (1570ms)
			LoadAssemblies (367ms)
			RebuildTransferFunctionScriptingTraits (0ms)
			SetupTypeCache (551ms)
			ReleaseScriptCaches (1ms)
			RebuildScriptCaches (67ms)
			SetupLoadedEditorAssemblies (492ms)
				LogAssemblyErrors (0ms)
				InitializePlatformSupportModulesInManaged (10ms)
				SetLoadedEditorAssemblies (1ms)
				RefreshPlugins (1ms)
				BeforeProcessingInitializeOnLoad (105ms)
				ProcessInitializeOnLoadAttributes (362ms)
				ProcessInitializeOnLoadMethodAttributes (4ms)
				AfterProcessingInitializeOnLoad (7ms)
				EditorAssembliesLoaded (0ms)
			ExecutionOrderSort2 (0ms)
			AwakeInstancesAfterBackupRestoration (9ms)
Platform modules already initialized, skipping
Shader 'LightingEffects/Car/Specular_Cubemap_Color': fallback shader 'MobileSpecular' not found
Refreshing native plugins compatible for Editor in 0.66 ms, found 2 plugins.
Preloading 0 native plugins for Editor in 0.00 ms.
Unloading 1503 Unused Serialized files (Serialized files now loaded: 0)
System memory in use before: 98.6 MB.
System memory in use after: 98.2 MB.

Unloading 13 unused Assets to reduce memory usage. Loaded Objects now: 2031.
Total: 4.597200 ms (FindLiveObjects: 0.210700 ms CreateObjectMapping: 0.048900 ms MarkObjects: 3.592500 ms  DeleteObjects: 0.743400 ms)

AssetImportParameters requested are different than current active one (requested -> active):
  custom:framework-win-MediaFoundation: 216162199b28c13a410421893ffa2e32 -> 
  custom:video-decoder-ogg-theora: a1e56fd34408186e4bbccfd4996cb3dc -> 
  custom:container-muxer-webm: aa71ff27fc2769a1b78a27578f13a17b -> 
  custom:container-demuxer-webm: 4f35f7cbe854078d1ac9338744f61a02 -> 
  custom:container-demuxer-ogg: 62fdf1f143b41e24485cea50d1cbac27 -> 
  custom:video-encoder-webm-vp8: eb34c28f22e8b96e1ab97ce403110664 -> 
  custom:video-codec-MediaFoundation-h265: 746d11721c4dcdbdad8f713fa42b33f4 -> 
  custom:video-decoder-webm-vp8: 9c59270c3fd7afecdb556c50c9e8de78 -> 
  custom:audio-decoder-ogg-vorbis: bf7c407c2cedff20999df2af8eb42d56 -> 
  custom:audio-encoder-webm-vorbis: bf7c407c2cedff20999df2af8eb42d56 -> 
========================================================================
Received Prepare
Registering precompiled user dll's ...
Registered in 0.007442 seconds.
Begin MonoManager ReloadAssembly
Native extension for WindowsStandalone target not found
Native extension for WebGL target not found
Refreshing native plugins compatible for Editor in 0.84 ms, found 2 plugins.
Preloading 0 native plugins for Editor in 0.00 ms.
Mono: successfully reloaded assembly
- Completed reload, in  3.047 seconds
Domain Reload Profiling:
	ReloadAssembly (3048ms)
		BeginReloadAssembly (367ms)
			ExecutionOrderSort (0ms)
			DisableScriptedObjects (19ms)
			BackupInstance (0ms)
			ReleaseScriptingObjects (0ms)
			CreateAndSetChildDomain (95ms)
		EndReloadAssembly (2471ms)
			LoadAssemblies (319ms)
			RebuildTransferFunctionScriptingTraits (0ms)
			SetupTypeCache (796ms)
			ReleaseScriptCaches (1ms)
			RebuildScriptCaches (109ms)
			SetupLoadedEditorAssemblies (1027ms)
				LogAssemblyErrors (0ms)
				InitializePlatformSupportModulesInManaged (16ms)
				SetLoadedEditorAssemblies (1ms)
				RefreshPlugins (1ms)
				BeforeProcessingInitializeOnLoad (197ms)
				ProcessInitializeOnLoadAttributes (784ms)
				ProcessInitializeOnLoadMethodAttributes (11ms)
				AfterProcessingInitializeOnLoad (15ms)
				EditorAssembliesLoaded (0ms)
			ExecutionOrderSort2 (0ms)
			AwakeInstancesAfterBackupRestoration (26ms)
Platform modules already initialized, skipping
Shader 'LightingEffects/Car/Specular_Cubemap_Color': fallback shader 'MobileSpecular' not found
Refreshing native plugins compatible for Editor in 1.81 ms, found 2 plugins.
Preloading 0 native plugins for Editor in 0.00 ms.
Unloading 1503 Unused Serialized files (Serialized files now loaded: 0)
System memory in use before: 98.6 MB.
System memory in use after: 98.2 MB.

Unloading 13 unused Assets to reduce memory usage. Loaded Objects now: 2033.
Total: 7.171400 ms (FindLiveObjects: 0.343700 ms CreateObjectMapping: 0.132900 ms MarkObjects: 5.440300 ms  DeleteObjects: 1.250200 ms)

AssetImportParameters requested are different than current active one (requested -> active):
  custom:framework-win-MediaFoundation: 216162199b28c13a410421893ffa2e32 -> 
  custom:video-decoder-ogg-theora: a1e56fd34408186e4bbccfd4996cb3dc -> 
  custom:container-muxer-webm: aa71ff27fc2769a1b78a27578f13a17b -> 
  custom:container-demuxer-webm: 4f35f7cbe854078d1ac9338744f61a02 -> 
  custom:container-demuxer-ogg: 62fdf1f143b41e24485cea50d1cbac27 -> 
  custom:video-encoder-webm-vp8: eb34c28f22e8b96e1ab97ce403110664 -> 
  custom:video-codec-MediaFoundation-h265: 746d11721c4dcdbdad8f713fa42b33f4 -> 
  custom:video-decoder-webm-vp8: 9c59270c3fd7afecdb556c50c9e8de78 -> 
  custom:audio-decoder-ogg-vorbis: bf7c407c2cedff20999df2af8eb42d56 -> 
  custom:audio-encoder-webm-vorbis: bf7c407c2cedff20999df2af8eb42d56 -> 
========================================================================
Received Prepare
Registering precompiled user dll's ...
Registered in 0.004149 seconds.
Begin MonoManager ReloadAssembly
Native extension for WindowsStandalone target not found
Native extension for WebGL target not found
Refreshing native plugins compatible for Editor in 1.37 ms, found 2 plugins.
Preloading 0 native plugins for Editor in 0.00 ms.
Mono: successfully reloaded assembly
- Completed reload, in  2.363 seconds
Domain Reload Profiling:
	ReloadAssembly (2364ms)
		BeginReloadAssembly (253ms)
			ExecutionOrderSort (0ms)
			DisableScriptedObjects (16ms)
			BackupInstance (0ms)
			ReleaseScriptingObjects (0ms)
			CreateAndSetChildDomain (71ms)
		EndReloadAssembly (1947ms)
			LoadAssemblies (211ms)
			RebuildTransferFunctionScriptingTraits (0ms)
			SetupTypeCache (675ms)
			ReleaseScriptCaches (2ms)
			RebuildScriptCaches (100ms)
			SetupLoadedEditorAssemblies (752ms)
				LogAssemblyErrors (0ms)
				InitializePlatformSupportModulesInManaged (20ms)
				SetLoadedEditorAssemblies (2ms)
				RefreshPlugins (2ms)
				BeforeProcessingInitializeOnLoad (106ms)
				ProcessInitializeOnLoadAttributes (595ms)
				ProcessInitializeOnLoadMethodAttributes (11ms)
				AfterProcessingInitializeOnLoad (17ms)
				EditorAssembliesLoaded (0ms)
			ExecutionOrderSort2 (0ms)
			AwakeInstancesAfterBackupRestoration (22ms)
Platform modules already initialized, skipping
Shader 'LightingEffects/Car/Specular_Cubemap_Color': fallback shader 'MobileSpecular' not found
Refreshing native plugins compatible for Editor in 1.16 ms, found 2 plugins.
Preloading 0 native plugins for Editor in 0.00 ms.
Unloading 1503 Unused Serialized files (Serialized files now loaded: 0)
System memory in use before: 98.7 MB.
System memory in use after: 98.2 MB.

Unloading 13 unused Assets to reduce memory usage. Loaded Objects now: 2035.
Total: 6.283800 ms (FindLiveObjects: 0.390300 ms CreateObjectMapping: 0.147800 ms MarkObjects: 5.050100 ms  DeleteObjects: 0.691400 ms)

AssetImportParameters requested are different than current active one (requested -> active):
  custom:framework-win-MediaFoundation: 216162199b28c13a410421893ffa2e32 -> 
  custom:video-decoder-ogg-theora: a1e56fd34408186e4bbccfd4996cb3dc -> 
  custom:container-muxer-webm: aa71ff27fc2769a1b78a27578f13a17b -> 
  custom:container-demuxer-webm: 4f35f7cbe854078d1ac9338744f61a02 -> 
  custom:container-demuxer-ogg: 62fdf1f143b41e24485cea50d1cbac27 -> 
  custom:video-encoder-webm-vp8: eb34c28f22e8b96e1ab97ce403110664 -> 
  custom:video-codec-MediaFoundation-h265: 746d11721c4dcdbdad8f713fa42b33f4 -> 
  custom:video-decoder-webm-vp8: 9c59270c3fd7afecdb556c50c9e8de78 -> 
  custom:audio-decoder-ogg-vorbis: bf7c407c2cedff20999df2af8eb42d56 -> 
  custom:audio-encoder-webm-vorbis: bf7c407c2cedff20999df2af8eb42d56 -> 
========================================================================
Received Prepare
Registering precompiled user dll's ...
Registered in 0.007567 seconds.
Begin MonoManager ReloadAssembly
Native extension for WindowsStandalone target not found
Native extension for WebGL target not found
Refreshing native plugins compatible for Editor in 1.91 ms, found 2 plugins.
Preloading 0 native plugins for Editor in 0.00 ms.
Mono: successfully reloaded assembly
- Completed reload, in  4.399 seconds
Domain Reload Profiling:
	ReloadAssembly (4401ms)
		BeginReloadAssembly (420ms)
			ExecutionOrderSort (0ms)
			DisableScriptedObjects (33ms)
			BackupInstance (0ms)
			ReleaseScriptingObjects (0ms)
			CreateAndSetChildDomain (122ms)
		EndReloadAssembly (3726ms)
			LoadAssemblies (383ms)
			RebuildTransferFunctionScriptingTraits (0ms)
			SetupTypeCache (1357ms)
			ReleaseScriptCaches (3ms)
			RebuildScriptCaches (205ms)
			SetupLoadedEditorAssemblies (1214ms)
				LogAssemblyErrors (0ms)
				InitializePlatformSupportModulesInManaged (35ms)
				SetLoadedEditorAssemblies (3ms)
				RefreshPlugins (2ms)
				BeforeProcessingInitializeOnLoad (221ms)
				ProcessInitializeOnLoadAttributes (910ms)
				ProcessInitializeOnLoadMethodAttributes (15ms)
				AfterProcessingInitializeOnLoad (25ms)
				EditorAssembliesLoaded (1ms)
			ExecutionOrderSort2 (0ms)
			AwakeInstancesAfterBackupRestoration (34ms)
Platform modules already initialized, skipping
Shader 'LightingEffects/Car/Specular_Cubemap_Color': fallback shader 'MobileSpecular' not found
Refreshing native plugins compatible for Editor in 0.75 ms, found 2 plugins.
Preloading 0 native plugins for Editor in 0.00 ms.
Unloading 1503 Unused Serialized files (Serialized files now loaded: 0)
System memory in use before: 98.7 MB.
System memory in use after: 98.3 MB.

Unloading 13 unused Assets to reduce memory usage. Loaded Objects now: 2037.
Total: 6.622700 ms (FindLiveObjects: 0.259500 ms CreateObjectMapping: 0.076600 ms MarkObjects: 5.348500 ms  DeleteObjects: 0.934700 ms)

AssetImportParameters requested are different than current active one (requested -> active):
  custom:framework-win-MediaFoundation: 216162199b28c13a410421893ffa2e32 -> 
  custom:video-decoder-ogg-theora: a1e56fd34408186e4bbccfd4996cb3dc -> 
  custom:container-muxer-webm: aa71ff27fc2769a1b78a27578f13a17b -> 
  custom:container-demuxer-webm: 4f35f7cbe854078d1ac9338744f61a02 -> 
  custom:container-demuxer-ogg: 62fdf1f143b41e24485cea50d1cbac27 -> 
  custom:video-encoder-webm-vp8: eb34c28f22e8b96e1ab97ce403110664 -> 
  custom:video-codec-MediaFoundation-h265: 746d11721c4dcdbdad8f713fa42b33f4 -> 
  custom:video-decoder-webm-vp8: 9c59270c3fd7afecdb556c50c9e8de78 -> 
  custom:audio-decoder-ogg-vorbis: bf7c407c2cedff20999df2af8eb42d56 -> 
  custom:audio-encoder-webm-vorbis: bf7c407c2cedff20999df2af8eb42d56 -> 
========================================================================
Received Import Request.
  Time since last request: 2189.826837 seconds.
  path: Assets/Standard Assets/NewBrush.brush
  artifactKey: Guid(ddb28531e376a6e4fba4b53b33ad12c8) Importer(815301076,1909f56bfc062723c751e8b465ee728b)
Start importing Assets/Standard Assets/NewBrush.brush using Guid(ddb28531e376a6e4fba4b53b33ad12c8) Importer(815301076,1909f56bfc062723c751e8b465ee728b)  -> (artifact id: '9d9af13cfd54852a1143d91767d44c50') in 0.075247 seconds 
  Import took 0.078859 seconds .

========================================================================
Received Import Request.
  Time since last request: 0.000266 seconds.
  path: Assets/Standard Assets/NewLayer.terrainlayer
  artifactKey: Guid(815e8ff46555aac48a930cf3d80b3491) Importer(815301076,1909f56bfc062723c751e8b465ee728b)
Start importing Assets/Standard Assets/NewLayer.terrainlayer using Guid(815e8ff46555aac48a930cf3d80b3491) Importer(815301076,1909f56bfc062723c751e8b465ee728b)  -> (artifact id: '70e643f6156ee5cc9a32b78d0f13994d') in 0.047947 seconds 
  Import took 0.051689 seconds .

========================================================================
Received Import Request.
  Time since last request: 2.169238 seconds.
  path: Assets/_TerrainAutoUpgrade/layer_clay_snow1CliffNormals852a8d559a9a7f2c.terrainlayer
  artifactKey: Guid(36171d17e0c651e4fbaa7975c35b5f41) Importer(815301076,1909f56bfc062723c751e8b465ee728b)
Start importing Assets/_TerrainAutoUpgrade/layer_clay_snow1CliffNormals852a8d559a9a7f2c.terrainlayer using Guid(36171d17e0c651e4fbaa7975c35b5f41) Importer(815301076,1909f56bfc062723c751e8b465ee728b)  -> (artifact id: 'c84b6676bf7ed1543ef448dee9d77b11') in 0.043994 seconds 
  Import took 0.047802 seconds .

========================================================================
Received Import Request.
  Time since last request: 0.000394 seconds.
  path: Assets/_TerrainAutoUpgrade/layer_GrassTex-1CliffNormals8edf102277cc330f.terrainlayer
  artifactKey: Guid(17479f1597b9ade4e933f4e9cf8c535d) Importer(815301076,1909f56bfc062723c751e8b465ee728b)
Start importing Assets/_TerrainAutoUpgrade/layer_GrassTex-1CliffNormals8edf102277cc330f.terrainlayer using Guid(17479f1597b9ade4e933f4e9cf8c535d) Importer(815301076,1909f56bfc062723c751e8b465ee728b)  -> (artifact id: 'f8782997f49a946092f2136bbf591db8') in 0.046144 seconds 
  Import took 0.050866 seconds .

========================================================================
Received Import Request.
  Time since last request: 0.000414 seconds.
  path: Assets/_TerrainAutoUpgrade/layer_RocksRocks_n1836cd9b5b17b16d.terrainlayer
  artifactKey: Guid(e5d17584aee37da4eb192cf357749ab6) Importer(815301076,1909f56bfc062723c751e8b465ee728b)
Start importing Assets/_TerrainAutoUpgrade/layer_RocksRocks_n1836cd9b5b17b16d.terrainlayer using Guid(e5d17584aee37da4eb192cf357749ab6) Importer(815301076,1909f56bfc062723c751e8b465ee728b)  -> (artifact id: 'fae1412e46f2a55ef8b09e6bd16fd318') in 0.030250 seconds 
  Import took 0.035245 seconds .

========================================================================
Received Import Request.
  Time since last request: 0.000323 seconds.
  path: Assets/_TerrainAutoUpgrade/layer_YellowGrassYellowGrass_n8203cded8f9f5a9c.terrainlayer
  artifactKey: Guid(0e53bcae4f85f0b49b2cc9a3a72642b2) Importer(815301076,1909f56bfc062723c751e8b465ee728b)
Start importing Assets/_TerrainAutoUpgrade/layer_YellowGrassYellowGrass_n8203cded8f9f5a9c.terrainlayer using Guid(0e53bcae4f85f0b49b2cc9a3a72642b2) Importer(815301076,1909f56bfc062723c751e8b465ee728b)  -> (artifact id: 'c25f7ae3137088cddf0dacfad78448cc') in 0.036754 seconds 
  Import took 0.041834 seconds .

========================================================================
Received Import Request.
  Time since last request: 0.000370 seconds.
  path: Assets/_TerrainAutoUpgrade/layer_YellowGrassYellowGrass_n8902e69f026bdd68.terrainlayer
  artifactKey: Guid(7a81654c976a60048b34d8b1969ccd78) Importer(815301076,1909f56bfc062723c751e8b465ee728b)
Start importing Assets/_TerrainAutoUpgrade/layer_YellowGrassYellowGrass_n8902e69f026bdd68.terrainlayer using Guid(7a81654c976a60048b34d8b1969ccd78) Importer(815301076,1909f56bfc062723c751e8b465ee728b)  -> (artifact id: '28266aa0b9e4a30363df7bc013d8aa2e') in 0.035778 seconds 
  Import took 0.040217 seconds .

========================================================================
Received Import Request.
  Time since last request: 0.000415 seconds.
  path: Assets/_TerrainAutoUpgrade/layer_YellowGrassYellowGrass_nb417d9e920b76dd4.terrainlayer
  artifactKey: Guid(f0fa87295148af148bba1d1cb82f8f00) Importer(815301076,1909f56bfc062723c751e8b465ee728b)
Start importing Assets/_TerrainAutoUpgrade/layer_YellowGrassYellowGrass_nb417d9e920b76dd4.terrainlayer using Guid(f0fa87295148af148bba1d1cb82f8f00) Importer(815301076,1909f56bfc062723c751e8b465ee728b)  -> (artifact id: '278d2f6a6e2261dd5d7424c096b1d377') in 0.029756 seconds 
  Import took 0.033249 seconds .

========================================================================
Received Import Request.
  Time since last request: 0.000352 seconds.
  path: Assets/_TerrainAutoUpgrade/layer_Ground10_1Ground10_2dfb9c2ec241961bb.terrainlayer
  artifactKey: Guid(d113857434a9fdd45983524709a2c8f2) Importer(815301076,1909f56bfc062723c751e8b465ee728b)
Start importing Assets/_TerrainAutoUpgrade/layer_Ground10_1Ground10_2dfb9c2ec241961bb.terrainlayer using Guid(d113857434a9fdd45983524709a2c8f2) Importer(815301076,1909f56bfc062723c751e8b465ee728b)  -> (artifact id: '858c0ff20d437dcefc1158e888a58f37') in 0.045460 seconds 
  Import took 0.050889 seconds .

========================================================================
Received Import Request.
  Time since last request: 0.000603 seconds.
  path: Assets/_TerrainAutoUpgrade/layer_darkgrass2CliffNormals2dcfb47927920106.terrainlayer
  artifactKey: Guid(60dd4942e7f095744bff5cb1ddc747a1) Importer(815301076,1909f56bfc062723c751e8b465ee728b)
Start importing Assets/_TerrainAutoUpgrade/layer_darkgrass2CliffNormals2dcfb47927920106.terrainlayer using Guid(60dd4942e7f095744bff5cb1ddc747a1) Importer(815301076,1909f56bfc062723c751e8b465ee728b)  -> (artifact id: 'c22760c0fae48c0958b94e260d09ec4d') in 0.031879 seconds 
  Import took 0.036673 seconds .

========================================================================
Received Import Request.
  Time since last request: 0.000474 seconds.
  path: Assets/_TerrainAutoUpgrade/layer_darkgrassCliffNormals852a8d559a9a7f2c.terrainlayer
  artifactKey: Guid(6a6f1fd069962054e8af786cf2753fad) Importer(815301076,1909f56bfc062723c751e8b465ee728b)
Start importing Assets/_TerrainAutoUpgrade/layer_darkgrassCliffNormals852a8d559a9a7f2c.terrainlayer using Guid(6a6f1fd069962054e8af786cf2753fad) Importer(815301076,1909f56bfc062723c751e8b465ee728b)  -> (artifact id: '50d80265230f4efbb9c6225a411bc71c') in 0.036256 seconds 
  Import took 0.040920 seconds .

========================================================================
Received Import Request.
  Time since last request: 0.000463 seconds.
  path: Assets/_TerrainAutoUpgrade/layer_GreenGrassGreenGrass_n31ad1e022a18849.terrainlayer
  artifactKey: Guid(d11f8e0157fd2e54ba6c5b0bd92d09a8) Importer(815301076,1909f56bfc062723c751e8b465ee728b)
Start importing Assets/_TerrainAutoUpgrade/layer_GreenGrassGreenGrass_n31ad1e022a18849.terrainlayer using Guid(d11f8e0157fd2e54ba6c5b0bd92d09a8) Importer(815301076,1909f56bfc062723c751e8b465ee728b)  -> (artifact id: '568f046ec2d27a3062c692be6fc17134') in 0.035757 seconds 
  Import took 0.041402 seconds .

========================================================================
Received Import Request.
  Time since last request: 0.000367 seconds.
  path: Assets/_TerrainAutoUpgrade/layer_Ground10_1CliffNormalsdd4a3fbaecfb716c.terrainlayer
  artifactKey: Guid(090a0dd3c6a0046408148a2ca2c3c0be) Importer(815301076,1909f56bfc062723c751e8b465ee728b)
Start importing Assets/_TerrainAutoUpgrade/layer_Ground10_1CliffNormalsdd4a3fbaecfb716c.terrainlayer using Guid(090a0dd3c6a0046408148a2ca2c3c0be) Importer(815301076,1909f56bfc062723c751e8b465ee728b)  -> (artifact id: '616fd833035d116374e09347c4722ed3') in 0.029853 seconds 
  Import took 0.033093 seconds .

========================================================================
Received Import Request.
  Time since last request: 0.000435 seconds.
  path: Assets/_TerrainAutoUpgrade/layer_TexturesCom_SoilBeach0123_1_STexturesCom_N2e8b1754e20b730d.terrainlayer
  artifactKey: Guid(e92dda52fe60e8b4a9785c03a3f47243) Importer(815301076,1909f56bfc062723c751e8b465ee728b)
Start importing Assets/_TerrainAutoUpgrade/layer_TexturesCom_SoilBeach0123_1_STexturesCom_N2e8b1754e20b730d.terrainlayer using Guid(e92dda52fe60e8b4a9785c03a3f47243) Importer(815301076,1909f56bfc062723c751e8b465ee728b)  -> (artifact id: '2cdd807d2b5311d284cf7c4891a1fb49') in 0.038307 seconds 
  Import took 0.042960 seconds .

========================================================================
Received Import Request.
  Time since last request: 0.000360 seconds.
  path: Assets/_TerrainAutoUpgrade/layer_darkgrassCliffNormals9f6e7d51425cabe9.terrainlayer
  artifactKey: Guid(d222ea1d4b9cde44ebe04aac860a4ec3) Importer(815301076,1909f56bfc062723c751e8b465ee728b)
Start importing Assets/_TerrainAutoUpgrade/layer_darkgrassCliffNormals9f6e7d51425cabe9.terrainlayer using Guid(d222ea1d4b9cde44ebe04aac860a4ec3) Importer(815301076,1909f56bfc062723c751e8b465ee728b)  -> (artifact id: '1fbebcccd23b6bffe8d12e2783b7cbe9') in 0.035627 seconds 
  Import took 0.040685 seconds .

========================================================================
Received Import Request.
  Time since last request: 0.000409 seconds.
  path: Assets/_TerrainAutoUpgrade/layer_Road_blank256HV2dcfb47927920106.terrainlayer
  artifactKey: Guid(48f5381c973e2d84999c0dd961d55a58) Importer(815301076,1909f56bfc062723c751e8b465ee728b)
Start importing Assets/_TerrainAutoUpgrade/layer_Road_blank256HV2dcfb47927920106.terrainlayer using Guid(48f5381c973e2d84999c0dd961d55a58) Importer(815301076,1909f56bfc062723c751e8b465ee728b)  -> (artifact id: '2a5c7bb003690aeff9eb7ca65dd30d47') in 0.035928 seconds 
  Import took 0.040278 seconds .

========================================================================
Received Import Request.
  Time since last request: 0.000270 seconds.
  path: Assets/_TerrainAutoUpgrade/layer_Dirt1Asphalt_Normal6bb547e7fe22ddce.terrainlayer
  artifactKey: Guid(776b8f7e9e798c94ebe695c3b1fc6843) Importer(815301076,1909f56bfc062723c751e8b465ee728b)
Start importing Assets/_TerrainAutoUpgrade/layer_Dirt1Asphalt_Normal6bb547e7fe22ddce.terrainlayer using Guid(776b8f7e9e798c94ebe695c3b1fc6843) Importer(815301076,1909f56bfc062723c751e8b465ee728b)  -> (artifact id: 'd895ce01eef7fce19ea13a409853932a') in 0.041008 seconds 
  Import took 0.045140 seconds .

========================================================================
Received Import Request.
  Time since last request: 0.000378 seconds.
  path: Assets/_TerrainAutoUpgrade/layer_GreenGrassGreenGrass_n9bddbb0c8be96f31.terrainlayer
  artifactKey: Guid(b1009eecf90f90f46b5214af0f86d171) Importer(815301076,1909f56bfc062723c751e8b465ee728b)
Start importing Assets/_TerrainAutoUpgrade/layer_GreenGrassGreenGrass_n9bddbb0c8be96f31.terrainlayer using Guid(b1009eecf90f90f46b5214af0f86d171) Importer(815301076,1909f56bfc062723c751e8b465ee728b)  -> (artifact id: 'e0e3499becafae2dbeb25d796797209c') in 0.024642 seconds 
  Import took 0.029481 seconds .

========================================================================
Received Import Request.
  Time since last request: 0.000541 seconds.
  path: Assets/_TerrainAutoUpgrade/layer_TexturesCom_Cliffs0213_1_seamless_S (1)TexturesCom_Cliffs0213_1_seamless_N4287c3b155334cb8.terrainlayer
  artifactKey: Guid(57dc27c970688a542aa77fadbbc63c34) Importer(815301076,1909f56bfc062723c751e8b465ee728b)
Start importing Assets/_TerrainAutoUpgrade/layer_TexturesCom_Cliffs0213_1_seamless_S (1)TexturesCom_Cliffs0213_1_seamless_N4287c3b155334cb8.terrainlayer using Guid(57dc27c970688a542aa77fadbbc63c34) Importer(815301076,1909f56bfc062723c751e8b465ee728b)  -> (artifact id: '3ebe0643a95425c2138dc0e87ee38d16') in 0.041477 seconds 
  Import took 0.046100 seconds .

========================================================================
Received Import Request.
  Time since last request: 0.000546 seconds.
  path: Assets/_TerrainAutoUpgrade/layer_RocksRocks_ncc89514fdcd90347.terrainlayer
  artifactKey: Guid(ebde73c42d3d19e4cb5ec7928b395b4d) Importer(815301076,1909f56bfc062723c751e8b465ee728b)
Start importing Assets/_TerrainAutoUpgrade/layer_RocksRocks_ncc89514fdcd90347.terrainlayer using Guid(ebde73c42d3d19e4cb5ec7928b395b4d) Importer(815301076,1909f56bfc062723c751e8b465ee728b)  -> (artifact id: '2ab153d3690ba34939cdeb1a34c8b950') in 0.038632 seconds 
  Import took 0.044619 seconds .

========================================================================
Received Import Request.
  Time since last request: 0.000535 seconds.
  path: Assets/_TerrainAutoUpgrade/layer_RocksRocks_nb298462b70085586.terrainlayer
  artifactKey: Guid(b2093a02a00c7674780caba0303e9b28) Importer(815301076,1909f56bfc062723c751e8b465ee728b)
Start importing Assets/_TerrainAutoUpgrade/layer_RocksRocks_nb298462b70085586.terrainlayer using Guid(b2093a02a00c7674780caba0303e9b28) Importer(815301076,1909f56bfc062723c751e8b465ee728b)  -> (artifact id: '58ca33e38df47994eb38a031d8dd4f7e') in 0.031455 seconds 
  Import took 0.037116 seconds .

========================================================================
Received Import Request.
  Time since last request: 0.000396 seconds.
  path: Assets/_TerrainAutoUpgrade/layer_Ground10_1Ground10_251ce90792845fedc.terrainlayer
  artifactKey: Guid(36a122bf197d4384192f84033bb0041b) Importer(815301076,1909f56bfc062723c751e8b465ee728b)
Start importing Assets/_TerrainAutoUpgrade/layer_Ground10_1Ground10_251ce90792845fedc.terrainlayer using Guid(36a122bf197d4384192f84033bb0041b) Importer(815301076,1909f56bfc062723c751e8b465ee728b)  -> (artifact id: 'c0d559150056b431722047bf0ae82ca0') in 0.022680 seconds 
  Import took 0.029385 seconds .

========================================================================
Received Import Request.
  Time since last request: 0.000427 seconds.
  path: Assets/_TerrainAutoUpgrade/layer_GreenGrassGreenGrass_n9e6399e8b3ce41ff.terrainlayer
  artifactKey: Guid(9ca75eb2b061f674ba76f8fe3144aef7) Importer(815301076,1909f56bfc062723c751e8b465ee728b)
Start importing Assets/_TerrainAutoUpgrade/layer_GreenGrassGreenGrass_n9e6399e8b3ce41ff.terrainlayer using Guid(9ca75eb2b061f674ba76f8fe3144aef7) Importer(815301076,1909f56bfc062723c751e8b465ee728b)  -> (artifact id: '124be91c862c6f1f1680b46417708dfa') in 0.025239 seconds 
  Import took 0.030575 seconds .

========================================================================
Received Import Request.
  Time since last request: 0.000388 seconds.
  path: Assets/_TerrainAutoUpgrade/layer_Ground10_1Ground10_2795db4ef4b04dda2.terrainlayer
  artifactKey: Guid(ae161e3d361cb4743a2e071ce747c44a) Importer(815301076,1909f56bfc062723c751e8b465ee728b)
Start importing Assets/_TerrainAutoUpgrade/layer_Ground10_1Ground10_2795db4ef4b04dda2.terrainlayer using Guid(ae161e3d361cb4743a2e071ce747c44a) Importer(815301076,1909f56bfc062723c751e8b465ee728b)  -> (artifact id: '0b90da7a2b1e0d3dab3fafd7e92e84d2') in 0.036176 seconds 
  Import took 0.041019 seconds .

========================================================================
Received Import Request.
  Time since last request: 638.395259 seconds.
  path: Assets/Screenshot 2022-01-13 092855.png
  artifactKey: Guid(526bb5ef264175c4887bf460a29b625a) Importer(815301076,1909f56bfc062723c751e8b465ee728b)
Start importing Assets/Screenshot 2022-01-13 092855.png using Guid(526bb5ef264175c4887bf460a29b625a) Importer(815301076,1909f56bfc062723c751e8b465ee728b)  -> (artifact id: '8ab07db1a429edc7a7ed7c883ff1d142') in 0.030376 seconds 
  Import took 0.035970 seconds .

========================================================================
Received Import Request.
  Time since last request: 23.378942 seconds.
  path: Assets/Screenshot 2022-01-13 092855.png
  artifactKey: Guid(526bb5ef264175c4887bf460a29b625a) Importer(815301076,1909f56bfc062723c751e8b465ee728b)
Start importing Assets/Screenshot 2022-01-13 092855.png using Guid(526bb5ef264175c4887bf460a29b625a) Importer(815301076,1909f56bfc062723c751e8b465ee728b)  -> (artifact id: '8a7fda4ff092fc62f192df975234d636') in 0.048581 seconds 
  Import took 0.052588 seconds .

========================================================================
Received Import Request.
  Time since last request: 115.512464 seconds.
  path: Assets/Scripts
  artifactKey: Guid(5b723b8225ebb1e4f9f50a03845c79db) Importer(815301076,1909f56bfc062723c751e8b465ee728b)
Start importing Assets/Scripts using Guid(5b723b8225ebb1e4f9f50a03845c79db) Importer(815301076,1909f56bfc062723c751e8b465ee728b)  -> (artifact id: '0714b2f64a765530ea4be5a6319980df') in 0.008122 seconds 
  Import took 0.011571 seconds .

========================================================================
Received Import Request.
  Time since last request: 8.205522 seconds.
  path: Assets/Scripts/Minimpa.cs
  artifactKey: Guid(cc2c88ed8c27d384b99e930c81426d2c) Importer(815301076,1909f56bfc062723c751e8b465ee728b)
Start importing Assets/Scripts/Minimpa.cs using Guid(cc2c88ed8c27d384b99e930c81426d2c) Importer(815301076,1909f56bfc062723c751e8b465ee728b)  -> (artifact id: '97f7489cfd1606b0755306fe9012d450') in 0.018722 seconds 
  Import took 0.022253 seconds .

========================================================================
Received Prepare
Registering precompiled user dll's ...
Registered in 0.002877 seconds.
Begin MonoManager ReloadAssembly
Native extension for WindowsStandalone target not found
Native extension for WebGL target not found
Refreshing native plugins compatible for Editor in 0.67 ms, found 2 plugins.
Preloading 0 native plugins for Editor in 0.00 ms.
Mono: successfully reloaded assembly
- Completed reload, in  1.214 seconds
Domain Reload Profiling:
	ReloadAssembly (1214ms)
		BeginReloadAssembly (124ms)
			ExecutionOrderSort (0ms)
			DisableScriptedObjects (5ms)
			BackupInstance (0ms)
			ReleaseScriptingObjects (0ms)
			CreateAndSetChildDomain (37ms)
		EndReloadAssembly (1017ms)
			LoadAssemblies (98ms)
			RebuildTransferFunctionScriptingTraits (0ms)
			SetupTypeCache (333ms)
			ReleaseScriptCaches (1ms)
			RebuildScriptCaches (54ms)
			SetupLoadedEditorAssemblies (405ms)
				LogAssemblyErrors (0ms)
				InitializePlatformSupportModulesInManaged (8ms)
				SetLoadedEditorAssemblies (1ms)
				RefreshPlugins (1ms)
				BeforeProcessingInitializeOnLoad (70ms)
				ProcessInitializeOnLoadAttributes (312ms)
				ProcessInitializeOnLoadMethodAttributes (4ms)
				AfterProcessingInitializeOnLoad (9ms)
				EditorAssembliesLoaded (0ms)
			ExecutionOrderSort2 (0ms)
			AwakeInstancesAfterBackupRestoration (8ms)
Platform modules already initialized, skipping
Shader 'LightingEffects/Car/Specular_Cubemap_Color': fallback shader 'MobileSpecular' not found
